[0.018s] Invoking command in '/home/peko/ros2_ws2/src/robotont_driver/build/robotont_driver': CMAKE_PREFIX_PATH=${CMAKE_PREFIX_PATH}:/opt/ros/humble /usr/bin/cmake --build /home/peko/ros2_ws2/src/robotont_driver/build/robotont_driver -- -j4 -l4
[0.220s] [  5%] [32mBuilding CXX object CMakeFiles/robotont_driver.dir/src/driver.cpp.o[0m
[9.259s] [ 11%] [32m[1mLinking CXX shared library librobotont_driver.so[0m
[10.764s] [ 44%] Built target robotont_driver
[10.868s] [ 55%] Built target fake_driver_node
[10.968s] [ 61%] [32mBuilding CXX object CMakeFiles/driver_node.dir/src/driver.cpp.o[0m
[19.393s] [ 66%] [32m[1mLinking CXX executable driver_node[0m
[20.580s] [100%] Built target driver_node
[20.608s] Invoked command in '/home/peko/ros2_ws2/src/robotont_driver/build/robotont_driver' returned '0': CMAKE_PREFIX_PATH=${CMAKE_PREFIX_PATH}:/opt/ros/humble /usr/bin/cmake --build /home/peko/ros2_ws2/src/robotont_driver/build/robotont_driver -- -j4 -l4
[20.752s] Invoking command in '/home/peko/ros2_ws2/src/robotont_driver/build/robotont_driver': CMAKE_PREFIX_PATH=${CMAKE_PREFIX_PATH}:/opt/ros/humble /usr/bin/cmake --install /home/peko/ros2_ws2/src/robotont_driver/build/robotont_driver
[20.771s] -- Install configuration: ""
[20.774s] -- Installing: /home/peko/ros2_ws2/src/robotont_driver/install/robotont_driver/lib/robotont_driver/driver_node
[20.785s] -- Set runtime path of "/home/peko/ros2_ws2/src/robotont_driver/install/robotont_driver/lib/robotont_driver/driver_node" to ""
[20.787s] -- Up-to-date: /home/peko/ros2_ws2/src/robotont_driver/install/robotont_driver/lib/robotont_driver/fake_driver_node
[20.789s] -- Up-to-date: /home/peko/ros2_ws2/src/robotont_driver/install/robotont_driver/share/robotont_driver//launch
[20.790s] -- Up-to-date: /home/peko/ros2_ws2/src/robotont_driver/install/robotont_driver/share/robotont_driver//launch/fake_driver_launch.py
[20.790s] -- Up-to-date: /home/peko/ros2_ws2/src/robotont_driver/install/robotont_driver/share/robotont_driver//launch/driver_launch.py
[20.790s] -- Up-to-date: /home/peko/ros2_ws2/src/robotont_driver/install/robotont_driver/share/robotont_driver/config
[20.791s] -- Installing: /home/peko/ros2_ws2/src/robotont_driver/install/robotont_driver/share/robotont_driver/config/parameters.yaml
[20.793s] -- Up-to-date: /home/peko/ros2_ws2/src/robotont_driver/install/robotont_driver/share/ament_index/resource_index/package_run_dependencies/robotont_driver
[20.794s] -- Up-to-date: /home/peko/ros2_ws2/src/robotont_driver/install/robotont_driver/share/ament_index/resource_index/parent_prefix_path/robotont_driver
[20.795s] -- Up-to-date: /home/peko/ros2_ws2/src/robotont_driver/install/robotont_driver/share/robotont_driver/environment/ament_prefix_path.sh
[20.795s] -- Up-to-date: /home/peko/ros2_ws2/src/robotont_driver/install/robotont_driver/share/robotont_driver/environment/ament_prefix_path.dsv
[20.795s] -- Up-to-date: /home/peko/ros2_ws2/src/robotont_driver/install/robotont_driver/share/robotont_driver/environment/path.sh
[20.795s] -- Up-to-date: /home/peko/ros2_ws2/src/robotont_driver/install/robotont_driver/share/robotont_driver/environment/path.dsv
[20.795s] -- Up-to-date: /home/peko/ros2_ws2/src/robotont_driver/install/robotont_driver/share/robotont_driver/local_setup.bash
[20.796s] -- Up-to-date: /home/peko/ros2_ws2/src/robotont_driver/install/robotont_driver/share/robotont_driver/local_setup.sh
[20.796s] -- Up-to-date: /home/peko/ros2_ws2/src/robotont_driver/install/robotont_driver/share/robotont_driver/local_setup.zsh
[20.796s] -- Up-to-date: /home/peko/ros2_ws2/src/robotont_driver/install/robotont_driver/share/robotont_driver/local_setup.dsv
[20.796s] -- Installing: /home/peko/ros2_ws2/src/robotont_driver/install/robotont_driver/share/robotont_driver/package.dsv
[20.797s] -- Up-to-date: /home/peko/ros2_ws2/src/robotont_driver/install/robotont_driver/share/ament_index/resource_index/packages/robotont_driver
[20.797s] -- Up-to-date: /home/peko/ros2_ws2/src/robotont_driver/install/robotont_driver/share/robotont_driver/cmake/robotont_driverConfig.cmake
[20.797s] -- Up-to-date: /home/peko/ros2_ws2/src/robotont_driver/install/robotont_driver/share/robotont_driver/cmake/robotont_driverConfig-version.cmake
[20.798s] -- Up-to-date: /home/peko/ros2_ws2/src/robotont_driver/install/robotont_driver/share/robotont_driver/package.xml
[20.800s] Invoked command in '/home/peko/ros2_ws2/src/robotont_driver/build/robotont_driver' returned '0': CMAKE_PREFIX_PATH=${CMAKE_PREFIX_PATH}:/opt/ros/humble /usr/bin/cmake --install /home/peko/ros2_ws2/src/robotont_driver/build/robotont_driver
