[0.398s] DEBUG:colcon:Command line arguments: ['/usr/bin/colcon', 'build']
[0.398s] DEBUG:colcon:Parsed command line arguments: Namespace(log_base=None, log_level=None, verb_name='build', build_base='build', install_base='install', merge_install=False, symlink_install=False, test_result_base=None, continue_on_error=False, executor='parallel', parallel_workers=4, event_handlers=None, ignore_user_meta=False, metas=['./colcon.meta'], base_paths=['.'], packages_ignore=None, packages_ignore_regex=None, paths=None, packages_up_to=None, packages_up_to_regex=None, packages_above=None, packages_above_and_dependencies=None, packages_above_depth=None, packages_select_by_dep=None, packages_skip_by_dep=None, packages_skip_up_to=None, packages_select_build_failed=False, packages_skip_build_finished=False, packages_select_test_failures=False, packages_skip_test_passed=False, packages_select=None, packages_skip=None, packages_select_regex=None, packages_skip_regex=None, packages_start=None, packages_end=None, allow_overriding=[], cmake_args=None, cmake_target=None, cmake_target_skip_unavailable=False, cmake_clean_cache=False, cmake_clean_first=False, cmake_force_configure=False, ament_cmake_args=None, catkin_cmake_args=None, catkin_skip_building_tests=False, verb_parser=<colcon_defaults.argument_parser.defaults.DefaultArgumentsDecorator object at 0x73dd024b3d90>, verb_extension=<colcon_core.verb.build.BuildVerb object at 0x73dd024b3790>, main=<bound method BuildVerb.main of <colcon_core.verb.build.BuildVerb object at 0x73dd024b3790>>)
[0.978s] Level 1:colcon.colcon_core.package_discovery:discover_packages(colcon_meta) check parameters
[0.979s] Level 1:colcon.colcon_core.package_discovery:discover_packages(recursive) check parameters
[0.979s] Level 1:colcon.colcon_core.package_discovery:discover_packages(ignore) check parameters
[0.979s] Level 1:colcon.colcon_core.package_discovery:discover_packages(path) check parameters
[0.979s] Level 1:colcon.colcon_core.package_discovery:discover_packages(colcon_meta) discover
[0.979s] Level 1:colcon.colcon_core.package_discovery:discover_packages(recursive) discover
[0.979s] INFO:colcon.colcon_core.package_discovery:Crawling recursively for packages in '/home/peko/ros2_ws2/src/robotont_driver'
[0.979s] Level 1:colcon.colcon_core.package_identification:_identify(.) by extensions ['ignore', 'ignore_ament_install']
[0.979s] Level 1:colcon.colcon_core.package_identification:_identify(.) by extension 'ignore'
[0.980s] Level 1:colcon.colcon_core.package_identification:_identify(.) by extension 'ignore_ament_install'
[0.980s] Level 1:colcon.colcon_core.package_identification:_identify(.) by extensions ['colcon_pkg']
[0.980s] Level 1:colcon.colcon_core.package_identification:_identify(.) by extension 'colcon_pkg'
[0.980s] Level 1:colcon.colcon_core.package_identification:_identify(.) by extensions ['colcon_meta']
[0.980s] Level 1:colcon.colcon_core.package_identification:_identify(.) by extension 'colcon_meta'
[0.980s] Level 1:colcon.colcon_core.package_identification:_identify(.) by extensions ['ros']
[0.980s] Level 1:colcon.colcon_core.package_identification:_identify(.) by extension 'ros'
[1.024s] DEBUG:colcon.colcon_core.package_identification:Package '.' with type 'ros.ament_cmake' and name 'robotont_driver'
[1.024s] Level 1:colcon.colcon_core.package_discovery:discover_packages(recursive) using defaults
[1.024s] Level 1:colcon.colcon_core.package_discovery:discover_packages(ignore) discover
[1.025s] Level 1:colcon.colcon_core.package_discovery:discover_packages(ignore) using defaults
[1.025s] Level 1:colcon.colcon_core.package_discovery:discover_packages(path) discover
[1.025s] Level 1:colcon.colcon_core.package_discovery:discover_packages(path) using defaults
[1.084s] Level 1:colcon.colcon_core.package_discovery:discover_packages(prefix_path) check parameters
[1.084s] Level 1:colcon.colcon_core.package_discovery:discover_packages(prefix_path) discover
[1.089s] DEBUG:colcon.colcon_installed_package_information.package_discovery:Found 1 installed packages in /home/peko/ros2_ws2/src/robotont_driver/install
[1.090s] DEBUG:colcon.colcon_installed_package_information.package_discovery:Found 1 installed packages in /home/peko/ros2_ws2/install
[1.093s] DEBUG:colcon.colcon_installed_package_information.package_discovery:Found 275 installed packages in /opt/ros/humble
[1.112s] Level 1:colcon.colcon_core.package_discovery:discover_packages(prefix_path) using defaults
[1.314s] Level 5:colcon.colcon_core.verb:set package 'robotont_driver' build argument 'cmake_args' from command line to 'None'
[1.314s] Level 5:colcon.colcon_core.verb:set package 'robotont_driver' build argument 'cmake_target' from command line to 'None'
[1.314s] Level 5:colcon.colcon_core.verb:set package 'robotont_driver' build argument 'cmake_target_skip_unavailable' from command line to 'False'
[1.314s] Level 5:colcon.colcon_core.verb:set package 'robotont_driver' build argument 'cmake_clean_cache' from command line to 'False'
[1.315s] Level 5:colcon.colcon_core.verb:set package 'robotont_driver' build argument 'cmake_clean_first' from command line to 'False'
[1.315s] Level 5:colcon.colcon_core.verb:set package 'robotont_driver' build argument 'cmake_force_configure' from command line to 'False'
[1.315s] Level 5:colcon.colcon_core.verb:set package 'robotont_driver' build argument 'ament_cmake_args' from command line to 'None'
[1.315s] Level 5:colcon.colcon_core.verb:set package 'robotont_driver' build argument 'catkin_cmake_args' from command line to 'None'
[1.315s] Level 5:colcon.colcon_core.verb:set package 'robotont_driver' build argument 'catkin_skip_building_tests' from command line to 'False'
[1.315s] DEBUG:colcon.colcon_core.verb:Building package 'robotont_driver' with the following arguments: {'ament_cmake_args': None, 'build_base': '/home/peko/ros2_ws2/src/robotont_driver/build/robotont_driver', 'catkin_cmake_args': None, 'catkin_skip_building_tests': False, 'cmake_args': None, 'cmake_clean_cache': False, 'cmake_clean_first': False, 'cmake_force_configure': False, 'cmake_target': None, 'cmake_target_skip_unavailable': False, 'install_base': '/home/peko/ros2_ws2/src/robotont_driver/install/robotont_driver', 'merge_install': False, 'path': '/home/peko/ros2_ws2/src/robotont_driver', 'symlink_install': False, 'test_result_base': None}
[1.315s] INFO:colcon.colcon_core.executor:Executing jobs using 'parallel' executor
[1.317s] DEBUG:colcon.colcon_parallel_executor.executor.parallel:run_until_complete
[1.317s] INFO:colcon.colcon_ros.task.ament_cmake.build:Building ROS package in '/home/peko/ros2_ws2/src/robotont_driver' with build type 'ament_cmake'
[1.317s] INFO:colcon.colcon_cmake.task.cmake.build:Building CMake package in '/home/peko/ros2_ws2/src/robotont_driver'
[1.328s] INFO:colcon.colcon_core.plugin_system:Skipping extension 'colcon_core.shell.bat': Not used on non-Windows systems
[1.328s] INFO:colcon.colcon_core.shell:Skip shell extension 'powershell' for command environment: Not usable outside of PowerShell
[1.328s] DEBUG:colcon.colcon_core.shell:Skip shell extension 'dsv' for command environment
[1.362s] DEBUG:colcon.colcon_core.event_handler.log_command:Invoking command in '/home/peko/ros2_ws2/src/robotont_driver/build/robotont_driver': CMAKE_PREFIX_PATH=${CMAKE_PREFIX_PATH}:/opt/ros/humble /usr/bin/cmake --build /home/peko/ros2_ws2/src/robotont_driver/build/robotont_driver -- -j4 -l4
[9.656s] DEBUG:colcon.colcon_core.event_handler.log_command:Invoked command in '/home/peko/ros2_ws2/src/robotont_driver/build/robotont_driver' returned '2': CMAKE_PREFIX_PATH=${CMAKE_PREFIX_PATH}:/opt/ros/humble /usr/bin/cmake --build /home/peko/ros2_ws2/src/robotont_driver/build/robotont_driver -- -j4 -l4
[9.881s] Level 1:colcon.colcon_core.environment:create_environment_scripts_only(robotont_driver)
[9.896s] Level 1:colcon.colcon_core.environment:checking '/home/peko/ros2_ws2/src/robotont_driver/install/robotont_driver' for CMake module files
[9.899s] Level 1:colcon.colcon_core.environment:checking '/home/peko/ros2_ws2/src/robotont_driver/install/robotont_driver' for CMake config files
[9.902s] Level 1:colcon.colcon_core.shell:create_environment_hook('robotont_driver', 'cmake_prefix_path')
[9.902s] INFO:colcon.colcon_core.shell:Creating environment hook '/home/peko/ros2_ws2/src/robotont_driver/install/robotont_driver/share/robotont_driver/hook/cmake_prefix_path.ps1'
[9.905s] INFO:colcon.colcon_core.shell:Creating environment descriptor '/home/peko/ros2_ws2/src/robotont_driver/install/robotont_driver/share/robotont_driver/hook/cmake_prefix_path.dsv'
[9.906s] INFO:colcon.colcon_core.shell:Creating environment hook '/home/peko/ros2_ws2/src/robotont_driver/install/robotont_driver/share/robotont_driver/hook/cmake_prefix_path.sh'
[9.908s] Level 1:colcon.colcon_core.environment:checking '/home/peko/ros2_ws2/src/robotont_driver/install/robotont_driver/lib'
[9.909s] Level 1:colcon.colcon_core.environment:checking '/home/peko/ros2_ws2/src/robotont_driver/install/robotont_driver/bin'
[9.909s] Level 1:colcon.colcon_core.environment:checking '/home/peko/ros2_ws2/src/robotont_driver/install/robotont_driver/lib/pkgconfig/robotont_driver.pc'
[9.910s] Level 1:colcon.colcon_core.environment:checking '/home/peko/ros2_ws2/src/robotont_driver/install/robotont_driver/lib/python3.10/site-packages'
[9.910s] Level 1:colcon.colcon_core.environment:checking '/home/peko/ros2_ws2/src/robotont_driver/install/robotont_driver/bin'
[9.911s] INFO:colcon.colcon_core.shell:Creating package script '/home/peko/ros2_ws2/src/robotont_driver/install/robotont_driver/share/robotont_driver/package.ps1'
[9.913s] INFO:colcon.colcon_core.shell:Creating package descriptor '/home/peko/ros2_ws2/src/robotont_driver/install/robotont_driver/share/robotont_driver/package.dsv'
[9.915s] INFO:colcon.colcon_core.shell:Creating package script '/home/peko/ros2_ws2/src/robotont_driver/install/robotont_driver/share/robotont_driver/package.sh'
[9.917s] INFO:colcon.colcon_core.shell:Creating package script '/home/peko/ros2_ws2/src/robotont_driver/install/robotont_driver/share/robotont_driver/package.bash'
[9.919s] INFO:colcon.colcon_core.shell:Creating package script '/home/peko/ros2_ws2/src/robotont_driver/install/robotont_driver/share/robotont_driver/package.zsh'
[9.921s] Level 1:colcon.colcon_core.environment:create_file_with_runtime_dependencies(/home/peko/ros2_ws2/src/robotont_driver/install/robotont_driver/share/colcon-core/packages/robotont_driver)
[9.932s] DEBUG:colcon.colcon_parallel_executor.executor.parallel:closing loop
[9.932s] DEBUG:colcon.colcon_parallel_executor.executor.parallel:loop closed
[9.932s] DEBUG:colcon.colcon_parallel_executor.executor.parallel:run_until_complete finished with '2'
[9.932s] DEBUG:colcon.colcon_core.event_reactor:joining thread
[9.955s] INFO:colcon.colcon_core.plugin_system:Skipping extension 'colcon_notification.desktop_notification.terminal_notifier': Not used on non-Darwin systems
[9.955s] INFO:colcon.colcon_core.plugin_system:Skipping extension 'colcon_notification.desktop_notification.win32': Not used on non-Windows systems
[9.955s] INFO:colcon.colcon_notification.desktop_notification:Sending desktop notification using 'notify2'
[9.958s] DEBUG:colcon.colcon_notification.desktop_notification.notify2:Failed to initialize notify2: org.freedesktop.DBus.Error.ServiceUnknown: The name org.freedesktop.Notifications was not provided by any .service files
[9.958s] DEBUG:colcon.colcon_core.event_reactor:joined thread
[9.959s] INFO:colcon.colcon_core.shell:Creating prefix script '/home/peko/ros2_ws2/src/robotont_driver/install/local_setup.ps1'
[9.961s] INFO:colcon.colcon_core.shell:Creating prefix util module '/home/peko/ros2_ws2/src/robotont_driver/install/_local_setup_util_ps1.py'
[9.965s] INFO:colcon.colcon_core.shell:Creating prefix chain script '/home/peko/ros2_ws2/src/robotont_driver/install/setup.ps1'
[9.973s] INFO:colcon.colcon_core.shell:Creating prefix script '/home/peko/ros2_ws2/src/robotont_driver/install/local_setup.sh'
[9.980s] INFO:colcon.colcon_core.shell:Creating prefix util module '/home/peko/ros2_ws2/src/robotont_driver/install/_local_setup_util_sh.py'
[9.980s] INFO:colcon.colcon_core.shell:Creating prefix chain script '/home/peko/ros2_ws2/src/robotont_driver/install/setup.sh'
[9.983s] INFO:colcon.colcon_core.shell:Creating prefix script '/home/peko/ros2_ws2/src/robotont_driver/install/local_setup.bash'
[9.985s] INFO:colcon.colcon_core.shell:Creating prefix chain script '/home/peko/ros2_ws2/src/robotont_driver/install/setup.bash'
[9.987s] INFO:colcon.colcon_core.shell:Creating prefix script '/home/peko/ros2_ws2/src/robotont_driver/install/local_setup.zsh'
[9.989s] INFO:colcon.colcon_core.shell:Creating prefix chain script '/home/peko/ros2_ws2/src/robotont_driver/install/setup.zsh'
