[0.218s] DEBUG:colcon:Command line arguments: ['/usr/bin/colcon', 'build']
[0.218s] DEBUG:colcon:Parsed command line arguments: Namespace(log_base=None, log_level=None, verb_name='build', build_base='build', install_base='install', merge_install=False, symlink_install=False, test_result_base=None, continue_on_error=False, executor='parallel', parallel_workers=4, event_handlers=None, ignore_user_meta=False, metas=['./colcon.meta'], base_paths=['.'], packages_ignore=None, packages_ignore_regex=None, paths=None, packages_up_to=None, packages_up_to_regex=None, packages_above=None, packages_above_and_dependencies=None, packages_above_depth=None, packages_select_by_dep=None, packages_skip_by_dep=None, packages_skip_up_to=None, packages_select_build_failed=False, packages_skip_build_finished=False, packages_select_test_failures=False, packages_skip_test_passed=False, packages_select=None, packages_skip=None, packages_select_regex=None, packages_skip_regex=None, packages_start=None, packages_end=None, allow_overriding=[], cmake_args=None, cmake_target=None, cmake_target_skip_unavailable=False, cmake_clean_cache=False, cmake_clean_first=False, cmake_force_configure=False, ament_cmake_args=None, catkin_cmake_args=None, catkin_skip_building_tests=False, verb_parser=<colcon_defaults.argument_parser.defaults.DefaultArgumentsDecorator object at 0x7713a0c17d90>, verb_extension=<colcon_core.verb.build.BuildVerb object at 0x7713a0c17790>, main=<bound method BuildVerb.main of <colcon_core.verb.build.BuildVerb object at 0x7713a0c17790>>)
[0.718s] Level 1:colcon.colcon_core.package_discovery:discover_packages(colcon_meta) check parameters
[0.718s] Level 1:colcon.colcon_core.package_discovery:discover_packages(recursive) check parameters
[0.718s] Level 1:colcon.colcon_core.package_discovery:discover_packages(ignore) check parameters
[0.718s] Level 1:colcon.colcon_core.package_discovery:discover_packages(path) check parameters
[0.718s] Level 1:colcon.colcon_core.package_discovery:discover_packages(colcon_meta) discover
[0.719s] Level 1:colcon.colcon_core.package_discovery:discover_packages(recursive) discover
[0.719s] INFO:colcon.colcon_core.package_discovery:Crawling recursively for packages in '/home/peko/ros2_ws2/src/robotont_driver'
[0.719s] Level 1:colcon.colcon_core.package_identification:_identify(.) by extensions ['ignore', 'ignore_ament_install']
[0.719s] Level 1:colcon.colcon_core.package_identification:_identify(.) by extension 'ignore'
[0.719s] Level 1:colcon.colcon_core.package_identification:_identify(.) by extension 'ignore_ament_install'
[0.719s] Level 1:colcon.colcon_core.package_identification:_identify(.) by extensions ['colcon_pkg']
[0.719s] Level 1:colcon.colcon_core.package_identification:_identify(.) by extension 'colcon_pkg'
[0.720s] Level 1:colcon.colcon_core.package_identification:_identify(.) by extensions ['colcon_meta']
[0.720s] Level 1:colcon.colcon_core.package_identification:_identify(.) by extension 'colcon_meta'
[0.720s] Level 1:colcon.colcon_core.package_identification:_identify(.) by extensions ['ros']
[0.720s] Level 1:colcon.colcon_core.package_identification:_identify(.) by extension 'ros'
[0.750s] DEBUG:colcon.colcon_core.package_identification:Package '.' with type 'ros.ament_cmake' and name 'robotont_driver'
[0.750s] Level 1:colcon.colcon_core.package_discovery:discover_packages(recursive) using defaults
[0.750s] Level 1:colcon.colcon_core.package_discovery:discover_packages(ignore) discover
[0.750s] Level 1:colcon.colcon_core.package_discovery:discover_packages(ignore) using defaults
[0.750s] Level 1:colcon.colcon_core.package_discovery:discover_packages(path) discover
[0.750s] Level 1:colcon.colcon_core.package_discovery:discover_packages(path) using defaults
[0.789s] Level 1:colcon.colcon_core.package_discovery:discover_packages(prefix_path) check parameters
[0.789s] Level 1:colcon.colcon_core.package_discovery:discover_packages(prefix_path) discover
[0.792s] DEBUG:colcon.colcon_installed_package_information.package_discovery:Found 1 installed packages in /home/peko/ros2_ws2/src/robotont_driver/install
[0.793s] DEBUG:colcon.colcon_installed_package_information.package_discovery:Found 1 installed packages in /home/peko/ros2_ws2/install
[0.796s] DEBUG:colcon.colcon_installed_package_information.package_discovery:Found 275 installed packages in /opt/ros/humble
[0.814s] Level 1:colcon.colcon_core.package_discovery:discover_packages(prefix_path) using defaults
[0.911s] Level 5:colcon.colcon_core.verb:set package 'robotont_driver' build argument 'cmake_args' from command line to 'None'
[0.911s] Level 5:colcon.colcon_core.verb:set package 'robotont_driver' build argument 'cmake_target' from command line to 'None'
[0.911s] Level 5:colcon.colcon_core.verb:set package 'robotont_driver' build argument 'cmake_target_skip_unavailable' from command line to 'False'
[0.911s] Level 5:colcon.colcon_core.verb:set package 'robotont_driver' build argument 'cmake_clean_cache' from command line to 'False'
[0.911s] Level 5:colcon.colcon_core.verb:set package 'robotont_driver' build argument 'cmake_clean_first' from command line to 'False'
[0.911s] Level 5:colcon.colcon_core.verb:set package 'robotont_driver' build argument 'cmake_force_configure' from command line to 'False'
[0.911s] Level 5:colcon.colcon_core.verb:set package 'robotont_driver' build argument 'ament_cmake_args' from command line to 'None'
[0.911s] Level 5:colcon.colcon_core.verb:set package 'robotont_driver' build argument 'catkin_cmake_args' from command line to 'None'
[0.911s] Level 5:colcon.colcon_core.verb:set package 'robotont_driver' build argument 'catkin_skip_building_tests' from command line to 'False'
[0.911s] DEBUG:colcon.colcon_core.verb:Building package 'robotont_driver' with the following arguments: {'ament_cmake_args': None, 'build_base': '/home/peko/ros2_ws2/src/robotont_driver/build/robotont_driver', 'catkin_cmake_args': None, 'catkin_skip_building_tests': False, 'cmake_args': None, 'cmake_clean_cache': False, 'cmake_clean_first': False, 'cmake_force_configure': False, 'cmake_target': None, 'cmake_target_skip_unavailable': False, 'install_base': '/home/peko/ros2_ws2/src/robotont_driver/install/robotont_driver', 'merge_install': False, 'path': '/home/peko/ros2_ws2/src/robotont_driver', 'symlink_install': False, 'test_result_base': None}
[0.912s] INFO:colcon.colcon_core.executor:Executing jobs using 'parallel' executor
[0.913s] DEBUG:colcon.colcon_parallel_executor.executor.parallel:run_until_complete
[0.914s] INFO:colcon.colcon_ros.task.ament_cmake.build:Building ROS package in '/home/peko/ros2_ws2/src/robotont_driver' with build type 'ament_cmake'
[0.914s] INFO:colcon.colcon_cmake.task.cmake.build:Building CMake package in '/home/peko/ros2_ws2/src/robotont_driver'
[0.917s] INFO:colcon.colcon_core.plugin_system:Skipping extension 'colcon_core.shell.bat': Not used on non-Windows systems
[0.917s] INFO:colcon.colcon_core.shell:Skip shell extension 'powershell' for command environment: Not usable outside of PowerShell
[0.917s] DEBUG:colcon.colcon_core.shell:Skip shell extension 'dsv' for command environment
[0.944s] DEBUG:colcon.colcon_core.event_handler.log_command:Invoking command in '/home/peko/ros2_ws2/src/robotont_driver/build/robotont_driver': CMAKE_PREFIX_PATH=${CMAKE_PREFIX_PATH}:/opt/ros/humble /usr/bin/cmake --build /home/peko/ros2_ws2/src/robotont_driver/build/robotont_driver -- -j4 -l4
[21.533s] DEBUG:colcon.colcon_core.event_handler.log_command:Invoked command in '/home/peko/ros2_ws2/src/robotont_driver/build/robotont_driver' returned '0': CMAKE_PREFIX_PATH=${CMAKE_PREFIX_PATH}:/opt/ros/humble /usr/bin/cmake --build /home/peko/ros2_ws2/src/robotont_driver/build/robotont_driver -- -j4 -l4
[21.677s] DEBUG:colcon.colcon_core.event_handler.log_command:Invoking command in '/home/peko/ros2_ws2/src/robotont_driver/build/robotont_driver': CMAKE_PREFIX_PATH=${CMAKE_PREFIX_PATH}:/opt/ros/humble /usr/bin/cmake --install /home/peko/ros2_ws2/src/robotont_driver/build/robotont_driver
[21.725s] Level 1:colcon.colcon_core.environment:create_environment_scripts_only(robotont_driver)
[21.725s] DEBUG:colcon.colcon_core.event_handler.log_command:Invoked command in '/home/peko/ros2_ws2/src/robotont_driver/build/robotont_driver' returned '0': CMAKE_PREFIX_PATH=${CMAKE_PREFIX_PATH}:/opt/ros/humble /usr/bin/cmake --install /home/peko/ros2_ws2/src/robotont_driver/build/robotont_driver
[21.745s] Level 1:colcon.colcon_core.environment:checking '/home/peko/ros2_ws2/src/robotont_driver/install/robotont_driver' for CMake module files
[21.746s] Level 1:colcon.colcon_core.environment:checking '/home/peko/ros2_ws2/src/robotont_driver/install/robotont_driver' for CMake config files
[21.748s] Level 1:colcon.colcon_core.shell:create_environment_hook('robotont_driver', 'cmake_prefix_path')
[21.748s] INFO:colcon.colcon_core.shell:Creating environment hook '/home/peko/ros2_ws2/src/robotont_driver/install/robotont_driver/share/robotont_driver/hook/cmake_prefix_path.ps1'
[21.750s] INFO:colcon.colcon_core.shell:Creating environment descriptor '/home/peko/ros2_ws2/src/robotont_driver/install/robotont_driver/share/robotont_driver/hook/cmake_prefix_path.dsv'
[21.751s] INFO:colcon.colcon_core.shell:Creating environment hook '/home/peko/ros2_ws2/src/robotont_driver/install/robotont_driver/share/robotont_driver/hook/cmake_prefix_path.sh'
[21.753s] Level 1:colcon.colcon_core.environment:checking '/home/peko/ros2_ws2/src/robotont_driver/install/robotont_driver/lib'
[21.754s] Level 1:colcon.colcon_core.environment:checking '/home/peko/ros2_ws2/src/robotont_driver/install/robotont_driver/bin'
[21.754s] Level 1:colcon.colcon_core.environment:checking '/home/peko/ros2_ws2/src/robotont_driver/install/robotont_driver/lib/pkgconfig/robotont_driver.pc'
[21.754s] Level 1:colcon.colcon_core.environment:checking '/home/peko/ros2_ws2/src/robotont_driver/install/robotont_driver/lib/python3.10/site-packages'
[21.755s] Level 1:colcon.colcon_core.environment:checking '/home/peko/ros2_ws2/src/robotont_driver/install/robotont_driver/bin'
[21.756s] INFO:colcon.colcon_core.shell:Creating package script '/home/peko/ros2_ws2/src/robotont_driver/install/robotont_driver/share/robotont_driver/package.ps1'
[21.757s] INFO:colcon.colcon_core.shell:Creating package descriptor '/home/peko/ros2_ws2/src/robotont_driver/install/robotont_driver/share/robotont_driver/package.dsv'
[21.759s] INFO:colcon.colcon_core.shell:Creating package script '/home/peko/ros2_ws2/src/robotont_driver/install/robotont_driver/share/robotont_driver/package.sh'
[21.760s] INFO:colcon.colcon_core.shell:Creating package script '/home/peko/ros2_ws2/src/robotont_driver/install/robotont_driver/share/robotont_driver/package.bash'
[21.763s] INFO:colcon.colcon_core.shell:Creating package script '/home/peko/ros2_ws2/src/robotont_driver/install/robotont_driver/share/robotont_driver/package.zsh'
[21.765s] Level 1:colcon.colcon_core.environment:create_file_with_runtime_dependencies(/home/peko/ros2_ws2/src/robotont_driver/install/robotont_driver/share/colcon-core/packages/robotont_driver)
[21.856s] Level 1:colcon.colcon_core.environment:create_environment_scripts_only(robotont_driver)
[21.856s] Level 1:colcon.colcon_core.environment:checking '/home/peko/ros2_ws2/src/robotont_driver/install/robotont_driver' for CMake module files
[21.857s] Level 1:colcon.colcon_core.environment:checking '/home/peko/ros2_ws2/src/robotont_driver/install/robotont_driver' for CMake config files
[21.858s] Level 1:colcon.colcon_core.shell:create_environment_hook('robotont_driver', 'cmake_prefix_path')
[21.858s] INFO:colcon.colcon_core.shell:Creating environment hook '/home/peko/ros2_ws2/src/robotont_driver/install/robotont_driver/share/robotont_driver/hook/cmake_prefix_path.ps1'
[21.859s] INFO:colcon.colcon_core.shell:Creating environment descriptor '/home/peko/ros2_ws2/src/robotont_driver/install/robotont_driver/share/robotont_driver/hook/cmake_prefix_path.dsv'
[21.860s] INFO:colcon.colcon_core.shell:Creating environment hook '/home/peko/ros2_ws2/src/robotont_driver/install/robotont_driver/share/robotont_driver/hook/cmake_prefix_path.sh'
[21.860s] Level 1:colcon.colcon_core.environment:checking '/home/peko/ros2_ws2/src/robotont_driver/install/robotont_driver/lib'
[21.860s] Level 1:colcon.colcon_core.environment:checking '/home/peko/ros2_ws2/src/robotont_driver/install/robotont_driver/bin'
[21.860s] Level 1:colcon.colcon_core.environment:checking '/home/peko/ros2_ws2/src/robotont_driver/install/robotont_driver/lib/pkgconfig/robotont_driver.pc'
[21.861s] Level 1:colcon.colcon_core.environment:checking '/home/peko/ros2_ws2/src/robotont_driver/install/robotont_driver/lib/python3.10/site-packages'
[21.861s] Level 1:colcon.colcon_core.environment:checking '/home/peko/ros2_ws2/src/robotont_driver/install/robotont_driver/bin'
[21.862s] INFO:colcon.colcon_core.shell:Creating package script '/home/peko/ros2_ws2/src/robotont_driver/install/robotont_driver/share/robotont_driver/package.ps1'
[21.863s] INFO:colcon.colcon_core.shell:Creating package descriptor '/home/peko/ros2_ws2/src/robotont_driver/install/robotont_driver/share/robotont_driver/package.dsv'
[21.864s] INFO:colcon.colcon_core.shell:Creating package script '/home/peko/ros2_ws2/src/robotont_driver/install/robotont_driver/share/robotont_driver/package.sh'
[21.864s] INFO:colcon.colcon_core.shell:Creating package script '/home/peko/ros2_ws2/src/robotont_driver/install/robotont_driver/share/robotont_driver/package.bash'
[21.865s] INFO:colcon.colcon_core.shell:Creating package script '/home/peko/ros2_ws2/src/robotont_driver/install/robotont_driver/share/robotont_driver/package.zsh'
[21.865s] Level 1:colcon.colcon_core.environment:create_file_with_runtime_dependencies(/home/peko/ros2_ws2/src/robotont_driver/install/robotont_driver/share/colcon-core/packages/robotont_driver)
[21.866s] DEBUG:colcon.colcon_parallel_executor.executor.parallel:closing loop
[21.867s] DEBUG:colcon.colcon_parallel_executor.executor.parallel:loop closed
[21.867s] DEBUG:colcon.colcon_parallel_executor.executor.parallel:run_until_complete finished with '0'
[21.867s] DEBUG:colcon.colcon_core.event_reactor:joining thread
[21.910s] INFO:colcon.colcon_core.plugin_system:Skipping extension 'colcon_notification.desktop_notification.terminal_notifier': Not used on non-Darwin systems
[21.910s] INFO:colcon.colcon_core.plugin_system:Skipping extension 'colcon_notification.desktop_notification.win32': Not used on non-Windows systems
[21.910s] INFO:colcon.colcon_notification.desktop_notification:Sending desktop notification using 'notify2'
[21.914s] DEBUG:colcon.colcon_notification.desktop_notification.notify2:Failed to initialize notify2: org.freedesktop.DBus.Error.ServiceUnknown: The name org.freedesktop.Notifications was not provided by any .service files
[21.914s] DEBUG:colcon.colcon_core.event_reactor:joined thread
[21.914s] INFO:colcon.colcon_core.shell:Creating prefix script '/home/peko/ros2_ws2/src/robotont_driver/install/local_setup.ps1'
[21.917s] INFO:colcon.colcon_core.shell:Creating prefix util module '/home/peko/ros2_ws2/src/robotont_driver/install/_local_setup_util_ps1.py'
[21.920s] INFO:colcon.colcon_core.shell:Creating prefix chain script '/home/peko/ros2_ws2/src/robotont_driver/install/setup.ps1'
[21.924s] INFO:colcon.colcon_core.shell:Creating prefix script '/home/peko/ros2_ws2/src/robotont_driver/install/local_setup.sh'
[21.926s] INFO:colcon.colcon_core.shell:Creating prefix util module '/home/peko/ros2_ws2/src/robotont_driver/install/_local_setup_util_sh.py'
[21.927s] INFO:colcon.colcon_core.shell:Creating prefix chain script '/home/peko/ros2_ws2/src/robotont_driver/install/setup.sh'
[21.929s] INFO:colcon.colcon_core.shell:Creating prefix script '/home/peko/ros2_ws2/src/robotont_driver/install/local_setup.bash'
[21.931s] INFO:colcon.colcon_core.shell:Creating prefix chain script '/home/peko/ros2_ws2/src/robotont_driver/install/setup.bash'
[21.933s] INFO:colcon.colcon_core.shell:Creating prefix script '/home/peko/ros2_ws2/src/robotont_driver/install/local_setup.zsh'
[21.935s] INFO:colcon.colcon_core.shell:Creating prefix chain script '/home/peko/ros2_ws2/src/robotont_driver/install/setup.zsh'
