[35m[1mConsolidate compiler generated dependencies of target robotont_driver[0m
[  5%] [32mBuilding CXX object CMakeFiles/robotont_driver.dir/src/driver.cpp.o[0m
[ 11%] [32mBuilding CXX object CMakeFiles/robotont_driver.dir/src/plugin_motors.cpp.o[0m
[ 16%] [32mBuilding CXX object CMakeFiles/robotont_driver.dir/src/plugin_led_module.cpp.o[0m
[ 22%] [32m[1mLinking CXX shared library librobotont_driver.so[0m
[ 44%] Built target robotont_driver
[ 50%] [32mBuilding CXX object CMakeFiles/fake_driver_node.dir/src/fake_driver_node.cpp.o[0m
[ 55%] [32m[1mLinking CXX executable fake_driver_node[0m
[ 55%] Built target fake_driver_node
[ 61%] [32mBuilding CXX object CMakeFiles/driver_node.dir/src/driver.cpp.o[0m
[ 66%] [32mBuilding CXX object CMakeFiles/driver_node.dir/src/plugin_base.cpp.o[0m
[ 72%] [32mBuilding CXX object CMakeFiles/driver_node.dir/src/plugin_odom.cpp.o[0m
[ 77%] [32mBuilding CXX object CMakeFiles/driver_node.dir/src/plugin_motors.cpp.o[0m
[ 83%] [32mBuilding CXX object CMakeFiles/driver_node.dir/src/plugin_led_module.cpp.o[0m
[ 88%] [32mBuilding CXX object CMakeFiles/driver_node.dir/src/driver_node.cpp.o[0m
[ 94%] [32mBuilding CXX object CMakeFiles/driver_node.dir/src/hardware.cpp.o[0m
[100%] [32m[1mLinking CXX executable driver_node[0m
[100%] Built target driver_node
-- Install configuration: ""
-- Installing: /home/peko/ros2_ws2/src/robotont_driver/install/robotont_driver/lib/robotont_driver/driver_node
-- Set runtime path of "/home/peko/ros2_ws2/src/robotont_driver/install/robotont_driver/lib/robotont_driver/driver_node" to ""
-- Installing: /home/peko/ros2_ws2/src/robotont_driver/install/robotont_driver/lib/robotont_driver/fake_driver_node
-- Set runtime path of "/home/peko/ros2_ws2/src/robotont_driver/install/robotont_driver/lib/robotont_driver/fake_driver_node" to ""
-- Installing: /home/peko/ros2_ws2/src/robotont_driver/install/robotont_driver/share/robotont_driver//launch
-- Installing: /home/peko/ros2_ws2/src/robotont_driver/install/robotont_driver/share/robotont_driver//launch/fake_driver_launch.py
-- Installing: /home/peko/ros2_ws2/src/robotont_driver/install/robotont_driver/share/robotont_driver//launch/driver_launch.py
-- Installing: /home/peko/ros2_ws2/src/robotont_driver/install/robotont_driver/share/robotont_driver/config
-- Installing: /home/peko/ros2_ws2/src/robotont_driver/install/robotont_driver/share/robotont_driver/config/parameters.yaml
-- Installing: /home/peko/ros2_ws2/src/robotont_driver/install/robotont_driver/share/ament_index/resource_index/package_run_dependencies/robotont_driver
-- Installing: /home/peko/ros2_ws2/src/robotont_driver/install/robotont_driver/share/ament_index/resource_index/parent_prefix_path/robotont_driver
-- Installing: /home/peko/ros2_ws2/src/robotont_driver/install/robotont_driver/share/robotont_driver/environment/ament_prefix_path.sh
-- Installing: /home/peko/ros2_ws2/src/robotont_driver/install/robotont_driver/share/robotont_driver/environment/ament_prefix_path.dsv
-- Installing: /home/peko/ros2_ws2/src/robotont_driver/install/robotont_driver/share/robotont_driver/environment/path.sh
-- Installing: /home/peko/ros2_ws2/src/robotont_driver/install/robotont_driver/share/robotont_driver/environment/path.dsv
-- Installing: /home/peko/ros2_ws2/src/robotont_driver/install/robotont_driver/share/robotont_driver/local_setup.bash
-- Installing: /home/peko/ros2_ws2/src/robotont_driver/install/robotont_driver/share/robotont_driver/local_setup.sh
-- Installing: /home/peko/ros2_ws2/src/robotont_driver/install/robotont_driver/share/robotont_driver/local_setup.zsh
-- Installing: /home/peko/ros2_ws2/src/robotont_driver/install/robotont_driver/share/robotont_driver/local_setup.dsv
-- Installing: /home/peko/ros2_ws2/src/robotont_driver/install/robotont_driver/share/robotont_driver/package.dsv
-- Installing: /home/peko/ros2_ws2/src/robotont_driver/install/robotont_driver/share/ament_index/resource_index/packages/robotont_driver
-- Installing: /home/peko/ros2_ws2/src/robotont_driver/install/robotont_driver/share/robotont_driver/cmake/robotont_driverConfig.cmake
-- Installing: /home/peko/ros2_ws2/src/robotont_driver/install/robotont_driver/share/robotont_driver/cmake/robotont_driverConfig-version.cmake
-- Installing: /home/peko/ros2_ws2/src/robotont_driver/install/robotont_driver/share/robotont_driver/package.xml
