[0.013s] Invoking command in '/home/peko/ros2_ws2/src/robotont_driver/build/robotont_driver': CMAKE_PREFIX_PATH=${CMAKE_PREFIX_PATH}:/opt/ros/humble /usr/bin/cmake --build /home/peko/ros2_ws2/src/robotont_driver/build/robotont_driver -- -j4 -l4
[0.116s] [35m[1mConsolidate compiler generated dependencies of target robotont_driver[0m
[0.212s] [  5%] [32mBuilding CXX object CMakeFiles/robotont_driver.dir/src/driver.cpp.o[0m
[8.060s] [ 11%] [32mBuilding CXX object CMakeFiles/robotont_driver.dir/src/plugin_motors.cpp.o[0m
[23.964s] [ 16%] [32mBuilding CXX object CMakeFiles/robotont_driver.dir/src/plugin_led_module.cpp.o[0m
[24.005s] [ 22%] [32m[1mLinking CXX shared library librobotont_driver.so[0m
[25.324s] [ 44%] Built target robotont_driver
[25.382s] [ 50%] [32mBuilding CXX object CMakeFiles/fake_driver_node.dir/src/fake_driver_node.cpp.o[0m
[40.666s] [ 55%] [32m[1mLinking CXX executable fake_driver_node[0m
[41.627s] [ 55%] Built target fake_driver_node
[41.685s] [ 61%] [32mBuilding CXX object CMakeFiles/driver_node.dir/src/driver.cpp.o[0m
[49.473s] [ 66%] [32mBuilding CXX object CMakeFiles/driver_node.dir/src/plugin_base.cpp.o[0m
[56.426s] [ 72%] [32mBuilding CXX object CMakeFiles/driver_node.dir/src/plugin_odom.cpp.o[0m
[63.963s] [ 77%] [32mBuilding CXX object CMakeFiles/driver_node.dir/src/plugin_motors.cpp.o[0m
[79.649s] [ 83%] [32mBuilding CXX object CMakeFiles/driver_node.dir/src/plugin_led_module.cpp.o[0m
[79.693s] [ 88%] [32mBuilding CXX object CMakeFiles/driver_node.dir/src/driver_node.cpp.o[0m
[86.882s] [ 94%] [32mBuilding CXX object CMakeFiles/driver_node.dir/src/hardware.cpp.o[0m
[94.643s] [100%] [32m[1mLinking CXX executable driver_node[0m
[95.731s] [100%] Built target driver_node
[95.748s] Invoked command in '/home/peko/ros2_ws2/src/robotont_driver/build/robotont_driver' returned '0': CMAKE_PREFIX_PATH=${CMAKE_PREFIX_PATH}:/opt/ros/humble /usr/bin/cmake --build /home/peko/ros2_ws2/src/robotont_driver/build/robotont_driver -- -j4 -l4
[95.825s] Invoking command in '/home/peko/ros2_ws2/src/robotont_driver/build/robotont_driver': CMAKE_PREFIX_PATH=${CMAKE_PREFIX_PATH}:/opt/ros/humble /usr/bin/cmake --install /home/peko/ros2_ws2/src/robotont_driver/build/robotont_driver
[95.840s] -- Install configuration: ""
[95.841s] -- Installing: /home/peko/ros2_ws2/src/robotont_driver/install/robotont_driver/lib/robotont_driver/driver_node
[95.852s] -- Set runtime path of "/home/peko/ros2_ws2/src/robotont_driver/install/robotont_driver/lib/robotont_driver/driver_node" to ""
[95.852s] -- Installing: /home/peko/ros2_ws2/src/robotont_driver/install/robotont_driver/lib/robotont_driver/fake_driver_node
[95.860s] -- Set runtime path of "/home/peko/ros2_ws2/src/robotont_driver/install/robotont_driver/lib/robotont_driver/fake_driver_node" to ""
[95.860s] -- Installing: /home/peko/ros2_ws2/src/robotont_driver/install/robotont_driver/share/robotont_driver//launch
[95.862s] -- Installing: /home/peko/ros2_ws2/src/robotont_driver/install/robotont_driver/share/robotont_driver//launch/fake_driver_launch.py
[95.863s] -- Installing: /home/peko/ros2_ws2/src/robotont_driver/install/robotont_driver/share/robotont_driver//launch/driver_launch.py
[95.863s] -- Installing: /home/peko/ros2_ws2/src/robotont_driver/install/robotont_driver/share/robotont_driver/config
[95.864s] -- Installing: /home/peko/ros2_ws2/src/robotont_driver/install/robotont_driver/share/robotont_driver/config/parameters.yaml
[95.865s] -- Installing: /home/peko/ros2_ws2/src/robotont_driver/install/robotont_driver/share/ament_index/resource_index/package_run_dependencies/robotont_driver
[95.865s] -- Installing: /home/peko/ros2_ws2/src/robotont_driver/install/robotont_driver/share/ament_index/resource_index/parent_prefix_path/robotont_driver
[95.865s] -- Installing: /home/peko/ros2_ws2/src/robotont_driver/install/robotont_driver/share/robotont_driver/environment/ament_prefix_path.sh
[95.866s] -- Installing: /home/peko/ros2_ws2/src/robotont_driver/install/robotont_driver/share/robotont_driver/environment/ament_prefix_path.dsv
[95.866s] -- Installing: /home/peko/ros2_ws2/src/robotont_driver/install/robotont_driver/share/robotont_driver/environment/path.sh
[95.867s] -- Installing: /home/peko/ros2_ws2/src/robotont_driver/install/robotont_driver/share/robotont_driver/environment/path.dsv
[95.868s] -- Installing: /home/peko/ros2_ws2/src/robotont_driver/install/robotont_driver/share/robotont_driver/local_setup.bash
[95.868s] -- Installing: /home/peko/ros2_ws2/src/robotont_driver/install/robotont_driver/share/robotont_driver/local_setup.sh
[95.869s] -- Installing: /home/peko/ros2_ws2/src/robotont_driver/install/robotont_driver/share/robotont_driver/local_setup.zsh
[95.870s] -- Installing: /home/peko/ros2_ws2/src/robotont_driver/install/robotont_driver/share/robotont_driver/local_setup.dsv
[95.870s] -- Installing: /home/peko/ros2_ws2/src/robotont_driver/install/robotont_driver/share/robotont_driver/package.dsv
[95.871s] -- Installing: /home/peko/ros2_ws2/src/robotont_driver/install/robotont_driver/share/ament_index/resource_index/packages/robotont_driver
[95.872s] -- Installing: /home/peko/ros2_ws2/src/robotont_driver/install/robotont_driver/share/robotont_driver/cmake/robotont_driverConfig.cmake
[95.872s] -- Installing: /home/peko/ros2_ws2/src/robotont_driver/install/robotont_driver/share/robotont_driver/cmake/robotont_driverConfig-version.cmake
[95.873s] -- Installing: /home/peko/ros2_ws2/src/robotont_driver/install/robotont_driver/share/robotont_driver/package.xml
[95.880s] Invoked command in '/home/peko/ros2_ws2/src/robotont_driver/build/robotont_driver' returned '0': CMAKE_PREFIX_PATH=${CMAKE_PREFIX_PATH}:/opt/ros/humble /usr/bin/cmake --install /home/peko/ros2_ws2/src/robotont_driver/build/robotont_driver
