[35m[1mConsolidate compiler generated dependencies of target robotont_driver[0m
[  5%] [32mBuilding CXX object CMakeFiles/robotont_driver.dir/src/driver.cpp.o[0m
[ 11%] [32m[1mLinking CXX shared library librobotont_driver.so[0m
[ 44%] Built target robotont_driver
[35m[1mConsolidate compiler generated dependencies of target fake_driver_node[0m
[ 55%] Built target fake_driver_node
[35m[1mConsolidate compiler generated dependencies of target driver_node[0m
[ 61%] [32mBuilding CXX object CMakeFiles/driver_node.dir/src/driver.cpp.o[0m
[ 66%] [32m[1mLinking CXX executable driver_node[0m
[100%] Built target driver_node
-- Install configuration: ""
-- Installing: /home/peko/ros2_ws2/src/robotont_driver/install/robotont_driver/lib/robotont_driver/driver_node
-- Set runtime path of "/home/peko/ros2_ws2/src/robotont_driver/install/robotont_driver/lib/robotont_driver/driver_node" to ""
-- Up-to-date: /home/peko/ros2_ws2/src/robotont_driver/install/robotont_driver/lib/robotont_driver/fake_driver_node
-- Up-to-date: /home/peko/ros2_ws2/src/robotont_driver/install/robotont_driver/share/robotont_driver//launch
-- Up-to-date: /home/peko/ros2_ws2/src/robotont_driver/install/robotont_driver/share/robotont_driver//launch/fake_driver_launch.py
-- Up-to-date: /home/peko/ros2_ws2/src/robotont_driver/install/robotont_driver/share/robotont_driver//launch/driver_launch.py
-- Up-to-date: /home/peko/ros2_ws2/src/robotont_driver/install/robotont_driver/share/robotont_driver/config
-- Up-to-date: /home/peko/ros2_ws2/src/robotont_driver/install/robotont_driver/share/robotont_driver/config/parameters.yaml
-- Up-to-date: /home/peko/ros2_ws2/src/robotont_driver/install/robotont_driver/share/ament_index/resource_index/package_run_dependencies/robotont_driver
-- Up-to-date: /home/peko/ros2_ws2/src/robotont_driver/install/robotont_driver/share/ament_index/resource_index/parent_prefix_path/robotont_driver
-- Up-to-date: /home/peko/ros2_ws2/src/robotont_driver/install/robotont_driver/share/robotont_driver/environment/ament_prefix_path.sh
-- Up-to-date: /home/peko/ros2_ws2/src/robotont_driver/install/robotont_driver/share/robotont_driver/environment/ament_prefix_path.dsv
-- Up-to-date: /home/peko/ros2_ws2/src/robotont_driver/install/robotont_driver/share/robotont_driver/environment/path.sh
-- Up-to-date: /home/peko/ros2_ws2/src/robotont_driver/install/robotont_driver/share/robotont_driver/environment/path.dsv
-- Up-to-date: /home/peko/ros2_ws2/src/robotont_driver/install/robotont_driver/share/robotont_driver/local_setup.bash
-- Up-to-date: /home/peko/ros2_ws2/src/robotont_driver/install/robotont_driver/share/robotont_driver/local_setup.sh
-- Up-to-date: /home/peko/ros2_ws2/src/robotont_driver/install/robotont_driver/share/robotont_driver/local_setup.zsh
-- Up-to-date: /home/peko/ros2_ws2/src/robotont_driver/install/robotont_driver/share/robotont_driver/local_setup.dsv
-- Installing: /home/peko/ros2_ws2/src/robotont_driver/install/robotont_driver/share/robotont_driver/package.dsv
-- Up-to-date: /home/peko/ros2_ws2/src/robotont_driver/install/robotont_driver/share/ament_index/resource_index/packages/robotont_driver
-- Up-to-date: /home/peko/ros2_ws2/src/robotont_driver/install/robotont_driver/share/robotont_driver/cmake/robotont_driverConfig.cmake
-- Up-to-date: /home/peko/ros2_ws2/src/robotont_driver/install/robotont_driver/share/robotont_driver/cmake/robotont_driverConfig-version.cmake
-- Up-to-date: /home/peko/ros2_ws2/src/robotont_driver/install/robotont_driver/share/robotont_driver/package.xml
