[0.042s] Invoking command in '/home/peko/ros2_ws2/src/robotont_driver/build/robotont_driver': CMAKE_PREFIX_PATH=${CMAKE_PREFIX_PATH}:/opt/ros/humble /usr/bin/cmake --build /home/peko/ros2_ws2/src/robotont_driver/build/robotont_driver -- -j4 -l4
[0.246s] [35m[1mConsolidate compiler generated dependencies of target robotont_driver[0m
[0.370s] [  5%] [32mBuilding CXX object CMakeFiles/robotont_driver.dir/src/driver.cpp.o[0m
[9.848s] [ 11%] [32m[1mLinking CXX shared library librobotont_driver.so[0m
[11.344s] [ 44%] Built target robotont_driver
[11.403s] [35m[1mConsolidate compiler generated dependencies of target fake_driver_node[0m
[11.542s] [ 55%] Built target fake_driver_node
[11.602s] [35m[1mConsolidate compiler generated dependencies of target driver_node[0m
[11.710s] [ 61%] [32mBuilding CXX object CMakeFiles/driver_node.dir/src/driver.cpp.o[0m
[20.048s] [ 66%] [32m[1mLinking CXX executable driver_node[0m
[21.260s] [100%] Built target driver_node
[21.277s] Invoked command in '/home/peko/ros2_ws2/src/robotont_driver/build/robotont_driver' returned '0': CMAKE_PREFIX_PATH=${CMAKE_PREFIX_PATH}:/opt/ros/humble /usr/bin/cmake --build /home/peko/ros2_ws2/src/robotont_driver/build/robotont_driver -- -j4 -l4
[21.419s] Invoking command in '/home/peko/ros2_ws2/src/robotont_driver/build/robotont_driver': CMAKE_PREFIX_PATH=${CMAKE_PREFIX_PATH}:/opt/ros/humble /usr/bin/cmake --install /home/peko/ros2_ws2/src/robotont_driver/build/robotont_driver
[21.438s] -- Install configuration: ""
[21.444s] -- Installing: /home/peko/ros2_ws2/src/robotont_driver/install/robotont_driver/lib/robotont_driver/driver_node
[21.452s] -- Set runtime path of "/home/peko/ros2_ws2/src/robotont_driver/install/robotont_driver/lib/robotont_driver/driver_node" to ""
[21.454s] -- Up-to-date: /home/peko/ros2_ws2/src/robotont_driver/install/robotont_driver/lib/robotont_driver/fake_driver_node
[21.456s] -- Up-to-date: /home/peko/ros2_ws2/src/robotont_driver/install/robotont_driver/share/robotont_driver//launch
[21.457s] -- Up-to-date: /home/peko/ros2_ws2/src/robotont_driver/install/robotont_driver/share/robotont_driver//launch/fake_driver_launch.py
[21.457s] -- Up-to-date: /home/peko/ros2_ws2/src/robotont_driver/install/robotont_driver/share/robotont_driver//launch/driver_launch.py
[21.457s] -- Up-to-date: /home/peko/ros2_ws2/src/robotont_driver/install/robotont_driver/share/robotont_driver/config
[21.457s] -- Up-to-date: /home/peko/ros2_ws2/src/robotont_driver/install/robotont_driver/share/robotont_driver/config/parameters.yaml
[21.459s] -- Up-to-date: /home/peko/ros2_ws2/src/robotont_driver/install/robotont_driver/share/ament_index/resource_index/package_run_dependencies/robotont_driver
[21.459s] -- Up-to-date: /home/peko/ros2_ws2/src/robotont_driver/install/robotont_driver/share/ament_index/resource_index/parent_prefix_path/robotont_driver
[21.460s] -- Up-to-date: /home/peko/ros2_ws2/src/robotont_driver/install/robotont_driver/share/robotont_driver/environment/ament_prefix_path.sh
[21.461s] -- Up-to-date: /home/peko/ros2_ws2/src/robotont_driver/install/robotont_driver/share/robotont_driver/environment/ament_prefix_path.dsv
[21.462s] -- Up-to-date: /home/peko/ros2_ws2/src/robotont_driver/install/robotont_driver/share/robotont_driver/environment/path.sh
[21.462s] -- Up-to-date: /home/peko/ros2_ws2/src/robotont_driver/install/robotont_driver/share/robotont_driver/environment/path.dsv
[21.462s] -- Up-to-date: /home/peko/ros2_ws2/src/robotont_driver/install/robotont_driver/share/robotont_driver/local_setup.bash
[21.462s] -- Up-to-date: /home/peko/ros2_ws2/src/robotont_driver/install/robotont_driver/share/robotont_driver/local_setup.sh
[21.462s] -- Up-to-date: /home/peko/ros2_ws2/src/robotont_driver/install/robotont_driver/share/robotont_driver/local_setup.zsh
[21.462s] -- Up-to-date: /home/peko/ros2_ws2/src/robotont_driver/install/robotont_driver/share/robotont_driver/local_setup.dsv
[21.462s] -- Installing: /home/peko/ros2_ws2/src/robotont_driver/install/robotont_driver/share/robotont_driver/package.dsv
[21.464s] -- Up-to-date: /home/peko/ros2_ws2/src/robotont_driver/install/robotont_driver/share/ament_index/resource_index/packages/robotont_driver
[21.464s] -- Up-to-date: /home/peko/ros2_ws2/src/robotont_driver/install/robotont_driver/share/robotont_driver/cmake/robotont_driverConfig.cmake
[21.464s] -- Up-to-date: /home/peko/ros2_ws2/src/robotont_driver/install/robotont_driver/share/robotont_driver/cmake/robotont_driverConfig-version.cmake
[21.464s] -- Up-to-date: /home/peko/ros2_ws2/src/robotont_driver/install/robotont_driver/share/robotont_driver/package.xml
[21.466s] Invoked command in '/home/peko/ros2_ws2/src/robotont_driver/build/robotont_driver' returned '0': CMAKE_PREFIX_PATH=${CMAKE_PREFIX_PATH}:/opt/ros/humble /usr/bin/cmake --install /home/peko/ros2_ws2/src/robotont_driver/build/robotont_driver
